2025-08-27T11:34:25.834Z CLI info [main]     Server listening on port: 5400
2025-08-27T11:34:26.376Z CLI info     Config : {"userName":"aldiyarsagidolla_8SXlhj","accessKey":"qRsbZEZvRZueAQEqBUkD","platforms":[{"os":"Windows","osVersion":11,"browserName":"Chrome","browserVersion":"latest"},{"os":"OS X","osVersion":"Monterey","browserName":"Safari","browserVersion":15.6},{"deviceName":"iPhone 12 Pro","osVersion":14,"browserName":"safari","deviceOrientation":"portrait"}],"browserstackLocal":false,"buildName":"bstack-demo","projectName":"BrowserStack Sample","CUSTOM_TAG_1":"You can set a custom Build Tag here","debug":true,"networkLogs":true,"consoleLogs":"info"}
2025-08-27T11:34:26.385Z CLI info [testhub:module]  [aldiyarsagidolla_8SXlhj]   [33844c0a-da1f-499f-bcf0-23378c35a032]  Starting testhub from 5140:0
2025-08-27T11:34:26.386Z CLI info [testhub:module]  [aldiyarsagidolla_8SXlhj]   [33844c0a-da1f-499f-bcf0-23378c35a032]  startBuild: payload=

{"started_at":"2025-08-27T11:34:26.386Z","host_info":{"hostname":"CMDB-227875","platform":"win32","type":"Windows_NT","version":"Windows 10 Pro","arch":"x64"},"ci_info":{"build_number":null},"version_control":{},"project_name":"BrowserStack Sample","name":"bstack-demo","build_identifier":"#${BUILD_NUMBER}","build_run_identifier":null,"description":"","tags":["You can set a custom Build Tag here"],"failed_tests_rerun":false,"accessibility":{"settings":{}},"framework_details":{"frameworkName":"TestNG","frameworkVersion":"7.11.0","sdkVersion":"1.40.0","cliVersion":"1.6.11","language":"java","testFramework":{"name":"selenium","version":"4.35.0"}},"product_map":{"observability":true,"accessibility":null,"percy":false,"automate":true,"app_automate":false},"browserstackAutomation":true,"test_orchestration":{}}
2025-08-27T11:34:26.386Z CLI info  [aldiyarsagidolla_8SXlhj]   [33844c0a-da1f-499f-bcf0-23378c35a032]  [PRODUCTION] Making POST request to https://sdk.browserstack.com
2025-08-27T11:34:27.842Z CLI info [testhub:module]  [aldiyarsagidolla_8SXlhj]   [33844c0a-da1f-499f-bcf0-23378c35a032]  startBuild: response=nvcgum6ionasy44fgiwoxr6spiuwrfwqfz9l3u7k
2025-08-27T11:34:27.846Z CLI info  [aldiyarsagidolla_8SXlhj]  [nvcgum6ionasy44fgiwoxr6spiuwrfwqfz9l3u7k]  [33844c0a-da1f-499f-bcf0-23378c35a032]  [PRODUCTION] Making POST request to https://api.browserstack.com
2025-08-27T11:34:28.650Z CLI info  [aldiyarsagidolla_8SXlhj]  [nvcgum6ionasy44fgiwoxr6spiuwrfwqfz9l3u7k]  [33844c0a-da1f-499f-bcf0-23378c35a032]  [PRODUCTION] Making GET request to https://hub.browserstack.com
2025-08-27T11:34:29.672Z CLI info  [aldiyarsagidolla_8SXlhj]  [nvcgum6ionasy44fgiwoxr6spiuwrfwqfz9l3u7k]  [33844c0a-da1f-499f-bcf0-23378c35a032]  [PRODUCTION] Making GET request to https://hub-aps.browserstack.com
2025-08-27T11:34:30.695Z CLI info  [aldiyarsagidolla_8SXlhj]  [nvcgum6ionasy44fgiwoxr6spiuwrfwqfz9l3u7k]  [33844c0a-da1f-499f-bcf0-23378c35a032]  [PRODUCTION] Making GET request to https://hub-euw.browserstack.com
2025-08-27T11:34:31.410Z CLI info  [aldiyarsagidolla_8SXlhj]  [nvcgum6ionasy44fgiwoxr6spiuwrfwqfz9l3u7k]  [33844c0a-da1f-499f-bcf0-23378c35a032]  [PRODUCTION] Making GET request to https://hub-apse.browserstack.com
2025-08-27T11:36:33.722Z CLI info  [aldiyarsagidolla_8SXlhj]  [nvcgum6ionasy44fgiwoxr6spiuwrfwqfz9l3u7k]  [33844c0a-da1f-499f-bcf0-23378c35a032]  [PRODUCTION] Making POST request to https://collector-observability.browserstack.com
2025-08-27T11:36:34.704Z CLI error [testhub:module]  [aldiyarsagidolla_8SXlhj]  [nvcgum6ionasy44fgiwoxr6spiuwrfwqfz9l3u7k]  [33844c0a-da1f-499f-bcf0-23378c35a032]  [collectBuildData] Exception in collecting build data for build UUID nvcgum6ionasy44fgiwoxr6spiuwrfwqfz9l3u7k: {"message":"Build data collection started"}
2025-08-27T11:36:34.704Z CLI info  [aldiyarsagidolla_8SXlhj]  [nvcgum6ionasy44fgiwoxr6spiuwrfwqfz9l3u7k]  [33844c0a-da1f-499f-bcf0-23378c35a032]  [PRODUCTION] Making PUT request to https://collector-observability.browserstack.com
2025-08-27T11:36:35.633Z CLI info [testhub:module]  [aldiyarsagidolla_8SXlhj]  [nvcgum6ionasy44fgiwoxr6spiuwrfwqfz9l3u7k]  [33844c0a-da1f-499f-bcf0-23378c35a032]  stopBuild: nvcgum6ionasy44fgiwoxr6spiuwrfwqfz9l3u7k request={"finished_at":"2025-08-27T11:36:33.721Z","finished_metadata":[],"custom_metadata":{}} response={"data":""}
2025-08-27T11:36:35.635Z CLI info  [aldiyarsagidolla_8SXlhj]  [nvcgum6ionasy44fgiwoxr6spiuwrfwqfz9l3u7k]  [33844c0a-da1f-499f-bcf0-23378c35a032]  [PRODUCTION] Making POST request to https://api.browserstack.com
2025-08-27T11:36:35.637Z CLI info [TEST REPORTING AND ANALYTICS:module]  [aldiyarsagidolla_8SXlhj]  [nvcgum6ionasy44fgiwoxr6spiuwrfwqfz9l3u7k]  [33844c0a-da1f-499f-bcf0-23378c35a032]  Visit https://automation.browserstack.com/builds/nvcgum6ionasy44fgiwoxr6spiuwrfwqfz9l3u7k to view build report, insights, and many more debugging information all at one place!
2025-08-27T11:36:36.553Z CLI info  [aldiyarsagidolla_8SXlhj]  [nvcgum6ionasy44fgiwoxr6spiuwrfwqfz9l3u7k]  [33844c0a-da1f-499f-bcf0-23378c35a032]  [PRODUCTION] Making GET request to https://api.browserstack.com
2025-08-27T11:36:37.384Z CLI info  [aldiyarsagidolla_8SXlhj]  [nvcgum6ionasy44fgiwoxr6spiuwrfwqfz9l3u7k]  [33844c0a-da1f-499f-bcf0-23378c35a032]  [PRODUCTION] Making POST request to https://eds.browserstack.com
2025-08-27T13:29:52.383Z CLI info [main]     Server listening on port: 5400
2025-08-27T13:29:53.422Z CLI info     Config : {"userName":"aldiyarsagidolla_8SXlhj","accessKey":"qRsbZEZvRZueAQEqBUkD","platforms":[{"os":"Windows","osVersion":11,"browserName":"Chrome","browserVersion":"latest"},{"os":"OS X","osVersion":"Monterey","browserName":"Safari","browserVersion":15.6},{"deviceName":"iPhone 12 Pro","osVersion":14,"browserName":"safari","deviceOrientation":"portrait"}],"browserstackLocal":false,"buildName":"bstack-demo","projectName":"BrowserStack Sample","CUSTOM_TAG_1":"You can set a custom Build Tag here","debug":true,"networkLogs":true,"consoleLogs":"info"}
2025-08-27T13:29:53.430Z CLI info [testhub:module]  [aldiyarsagidolla_8SXlhj]   [2533557c-bc94-4668-8512-2902dfbe0281]  Starting testhub from 9792:0
2025-08-27T13:29:53.432Z CLI info [testhub:module]  [aldiyarsagidolla_8SXlhj]   [2533557c-bc94-4668-8512-2902dfbe0281]  startBuild: payload=

{"started_at":"2025-08-27T13:29:53.431Z","host_info":{"hostname":"CMDB-227875","platform":"win32","type":"Windows_NT","version":"Windows 10 Pro","arch":"x64"},"ci_info":{"build_number":null},"version_control":{},"project_name":"BrowserStack Sample","name":"bstack-demo","build_identifier":"#${BUILD_NUMBER}","build_run_identifier":null,"description":"","tags":["You can set a custom Build Tag here"],"failed_tests_rerun":false,"accessibility":{"settings":{}},"framework_details":{"frameworkName":"TestNG","frameworkVersion":"7.11.0","sdkVersion":"1.40.0","cliVersion":"1.6.11","language":"java","testFramework":{"name":"selenium","version":"4.35.0"}},"product_map":{"observability":true,"accessibility":null,"percy":false,"automate":true,"app_automate":false},"browserstackAutomation":true,"test_orchestration":{}}
2025-08-27T13:29:53.433Z CLI info  [aldiyarsagidolla_8SXlhj]   [2533557c-bc94-4668-8512-2902dfbe0281]  [PRODUCTION] Making POST request to https://sdk.browserstack.com
2025-08-27T13:29:55.240Z CLI info [testhub:module]  [aldiyarsagidolla_8SXlhj]   [2533557c-bc94-4668-8512-2902dfbe0281]  startBuild: response=gcovmbg2zdemfvmcxo9vcs4bhwl1d2m0fz41yqt3
2025-08-27T13:29:55.244Z CLI info  [aldiyarsagidolla_8SXlhj]  [gcovmbg2zdemfvmcxo9vcs4bhwl1d2m0fz41yqt3]  [2533557c-bc94-4668-8512-2902dfbe0281]  [PRODUCTION] Making POST request to https://api.browserstack.com
2025-08-27T13:29:55.780Z CLI info  [aldiyarsagidolla_8SXlhj]  [gcovmbg2zdemfvmcxo9vcs4bhwl1d2m0fz41yqt3]  [2533557c-bc94-4668-8512-2902dfbe0281]  [PRODUCTION] Making GET request to https://hub.browserstack.com
2025-08-27T13:29:56.855Z CLI info  [aldiyarsagidolla_8SXlhj]  [gcovmbg2zdemfvmcxo9vcs4bhwl1d2m0fz41yqt3]  [2533557c-bc94-4668-8512-2902dfbe0281]  [PRODUCTION] Making GET request to https://hub-aps.browserstack.com
2025-08-27T13:29:57.744Z CLI info  [aldiyarsagidolla_8SXlhj]  [gcovmbg2zdemfvmcxo9vcs4bhwl1d2m0fz41yqt3]  [2533557c-bc94-4668-8512-2902dfbe0281]  [PRODUCTION] Making GET request to https://hub-euw.browserstack.com
2025-08-27T13:29:58.339Z CLI info  [aldiyarsagidolla_8SXlhj]  [gcovmbg2zdemfvmcxo9vcs4bhwl1d2m0fz41yqt3]  [2533557c-bc94-4668-8512-2902dfbe0281]  [PRODUCTION] Making GET request to https://hub-apse.browserstack.com
2025-08-27T13:31:57.287Z CLI info  [aldiyarsagidolla_8SXlhj]  [gcovmbg2zdemfvmcxo9vcs4bhwl1d2m0fz41yqt3]  [2533557c-bc94-4668-8512-2902dfbe0281]  [PRODUCTION] Making POST request to https://collector-observability.browserstack.com
2025-08-27T13:31:58.296Z CLI error [testhub:module]  [aldiyarsagidolla_8SXlhj]  [gcovmbg2zdemfvmcxo9vcs4bhwl1d2m0fz41yqt3]  [2533557c-bc94-4668-8512-2902dfbe0281]  [collectBuildData] Exception in collecting build data for build UUID gcovmbg2zdemfvmcxo9vcs4bhwl1d2m0fz41yqt3: {"message":"Build data collection started"}
2025-08-27T13:31:58.296Z CLI info  [aldiyarsagidolla_8SXlhj]  [gcovmbg2zdemfvmcxo9vcs4bhwl1d2m0fz41yqt3]  [2533557c-bc94-4668-8512-2902dfbe0281]  [PRODUCTION] Making PUT request to https://collector-observability.browserstack.com
2025-08-27T13:31:59.205Z CLI info [testhub:module]  [aldiyarsagidolla_8SXlhj]  [gcovmbg2zdemfvmcxo9vcs4bhwl1d2m0fz41yqt3]  [2533557c-bc94-4668-8512-2902dfbe0281]  stopBuild: gcovmbg2zdemfvmcxo9vcs4bhwl1d2m0fz41yqt3 request={"finished_at":"2025-08-27T13:31:57.285Z","finished_metadata":[],"custom_metadata":{}} response={"data":""}
2025-08-27T13:31:59.207Z CLI info  [aldiyarsagidolla_8SXlhj]  [gcovmbg2zdemfvmcxo9vcs4bhwl1d2m0fz41yqt3]  [2533557c-bc94-4668-8512-2902dfbe0281]  [PRODUCTION] Making POST request to https://api.browserstack.com
2025-08-27T13:31:59.209Z CLI info [TEST REPORTING AND ANALYTICS:module]  [aldiyarsagidolla_8SXlhj]  [gcovmbg2zdemfvmcxo9vcs4bhwl1d2m0fz41yqt3]  [2533557c-bc94-4668-8512-2902dfbe0281]  Visit https://automation.browserstack.com/builds/gcovmbg2zdemfvmcxo9vcs4bhwl1d2m0fz41yqt3 to view build report, insights, and many more debugging information all at one place!
2025-08-27T13:32:00.623Z CLI info  [aldiyarsagidolla_8SXlhj]  [gcovmbg2zdemfvmcxo9vcs4bhwl1d2m0fz41yqt3]  [2533557c-bc94-4668-8512-2902dfbe0281]  [PRODUCTION] Making GET request to https://api.browserstack.com
2025-08-27T13:32:01.152Z CLI info  [aldiyarsagidolla_8SXlhj]  [gcovmbg2zdemfvmcxo9vcs4bhwl1d2m0fz41yqt3]  [2533557c-bc94-4668-8512-2902dfbe0281]  [PRODUCTION] Making POST request to https://eds.browserstack.com
